Proses pembimbing ke-: Drajat Nugroho, S.Pd
Proses pembimbing ke-: Arif Indra Nugroho, S.Pd
Proses pembimbing ke-: Anang Hariyarta, S.T
Proses pembimbing ke-: Efi Kusmiyati,S.T
Proses pembimbing ke-: Muhammad Harzka Rahmanto, S.Pd
Proses pembimbing ke-: Edward Harlin Setiawan LG, S.T
Proses pembimbing ke-: Dani Mardiyanto, S.Pd
Proses pembimbing ke-: Adin Hartoyo, S.Pd.T
Proses pembimbing ke-: Aziz Sofian Dahlan, S.Pd
Proses pembimbing ke-: Benny Surahman, S.Pd
Proses pembimbing ke-: Retno Mulasih, S.T
Proses pembimbing ke-: EFRY WIDYANTI
Proses pembimbing ke-: AGUS PRIYONO
Proses pembimbing ke-: BANGUN WIJAYANTO
Proses pembimbing ke-: DESIANA ANGGRAENI
Proses pembimbing ke-: TAFAKUR KHOIROT
Proses pembimbing ke-: M. AGUNG PRABOWO
Proses pembimbing ke-: SETYO PURNAWAN  
Proses pembimbing ke-: M. Sofyan Rafsanjani, S.P.
Proses pembimbing ke-: vera Rahmawati gulita, S.P
Proses pembimbing ke-: Nurjati, S.Ag.,M.Pd.I
Proses pembimbing ke-: Bella Rosmanita, S.P.
Proses pembimbing ke-: Vera Rahmawati Gullita, S.P.
Proses pembimbing ke-: Okta Noviyanto, S.TP.
Proses pembimbing ke-: Daryatmi, S.P.
Proses pembimbing ke-: Yeni Hanifah, S.Pd.
Proses pembimbing ke-: Laila Zuhaida, S.P.
Proses pembimbing ke-: Tommy Farid rosyadi, S.Pd
Proses pembimbing ke-1: Drajat Nugroho, S.Pd
Proses pembimbing ke-2: Arif Indra Nugroho, S.Pd
Proses pembimbing ke-3: Anang Hariyarta, S.T
Proses pembimbing ke-4: Efi Kusmiyati, S.T
Proses pembimbing ke-5: Dani Mardiyanto, S.Pd
Proses pembimbing ke-6: M. Harizka Rahmanto, S.Pd
Proses pembimbing ke-7: Edward Harlin Setiawan LG, S.T
Proses pembimbing ke-8: Adin Hartoyo, S.Pd.T
Proses pembimbing ke-9: Aziz Sofian Dahlan, S.Pd
Proses pembimbing ke-10: Benny Surahman, S.Pd
Proses pembimbing ke-11: Retno Mulasih, S.T
Proses pembimbing ke-12: EFRY WIDYANTI
Proses pembimbing ke-13: AGUS PRIYONO
Proses pembimbing ke-14: BANGUN WIJAYANTO
Proses pembimbing ke-15: DESIANA ANGGRAENI
Proses pembimbing ke-16: TAFAKUR KHOIROT
Proses pembimbing ke-17: M. AGUNG PRABOWO
Proses pembimbing ke-18: SETYO PURNAWAN  
Proses pembimbing ke-19: M. Sofyan Rafsanjani, S.P.
Proses pembimbing ke-20: Vera Rahmawati Gullita, S.P.
Proses pembimbing ke-21: Nurjati, S.Ag.,M.Pd.I
Proses pembimbing ke-22: Bella Rosmanita, S.P.
Proses pembimbing ke-23: Okta Noviyanto, S.TP.
Proses pembimbing ke-24: Daryatmi, S.P.
Proses pembimbing ke-25: Yeni Hanifah, S.Pd.
Proses pembimbing ke-26: Laila Zuhaida, S.P.
Proses pembimbing ke-27: Tommy Farid rosyadi, S.Pd
Proses pembimbing ke-1: Drajat Nugroho, S.Pd
Proses pembimbing ke-2: Arif Indra Nugroho, S.Pd
Proses pembimbing ke-3: Anang Hariyarta, S.T
Proses pembimbing ke-4: Efi Kusmiyati, S.T
Proses pembimbing ke-5: Dani Mardiyanto, S.Pd
Proses pembimbing ke-6: M. Harizka Rahmanto, S.Pd
Proses pembimbing ke-7: Edward Harlin Setiawan LG, S.T
Proses pembimbing ke-8: Adin Hartoyo, S.Pd.T
Proses pembimbing ke-9: Aziz Sofian Dahlan, S.Pd
Proses pembimbing ke-10: Benny Surahman, S.Pd
Proses pembimbing ke-11: Retno Mulasih, S.T
Proses pembimbing ke-12: EFRY WIDYANTI
Proses pembimbing ke-13: AGUS PRIYONO
Proses pembimbing ke-14: BANGUN WIJAYANTO
Proses pembimbing ke-15: DESIANA ANGGRAENI
Proses pembimbing ke-16: TAFAKUR KHOIROT
Proses pembimbing ke-17: M. AGUNG PRABOWO
Proses pembimbing ke-18: SETYO PURNAWAN  
Proses pembimbing ke-19: M. Sofyan Rafsanjani, S.P.
Proses pembimbing ke-20: Vera Rahmawati Gullita, S.P.
Proses pembimbing ke-21: Nurjati, S.Ag.,M.Pd.I
Proses pembimbing ke-22: Bella Rosmanita, S.P.
Proses pembimbing ke-23: Okta Noviyanto, S.TP.
Proses pembimbing ke-24: Daryatmi, S.P.
Proses pembimbing ke-25: Yeni Hanifah, S.Pd.
Proses pembimbing ke-26: Laila Zuhaida, S.P.
Proses pembimbing ke-27: Tommy Farid rosyadi, S.Pd
Proses pembimbing ke-26: Laila Zuhaida, S.P.
Proses pembimbing ke-27: Tommy Farid rosyadi, S.Pd
Proses pembimbing ke-1: Drajat Nugroho, S.Pd
Proses pembimbing ke-2: Arif Indra Nugroho, S.Pd
Proses pembimbing ke-3: Anang Hariyarta, S.T
Proses pembimbing ke-4: Efi Kusmiyati, S.T
Proses pembimbing ke-5: Dani Mardiyanto, S.Pd
Proses pembimbing ke-6: M. Harizka Rahmanto, S.Pd
Proses pembimbing ke-7: Edward Harlin Setiawan LG, S.T
Proses pembimbing ke-8: Adin Hartoyo, S.Pd.T
Proses pembimbing ke-9: Aziz Sofian Dahlan, S.Pd
Proses pembimbing ke-10: Benny Surahman, S.Pd
Proses pembimbing ke-11: Retno Mulasih, S.T
Proses pembimbing ke-12: EFRY WIDYANTI
Proses pembimbing ke-13: AGUS PRIYONO
Proses pembimbing ke-14: BANGUN WIJAYANTO
Proses pembimbing ke-15: DESIANA ANGGRAENI
Proses pembimbing ke-16: TAFAKUR KHOIROT
Proses pembimbing ke-17: M. AGUNG PRABOWO
Proses pembimbing ke-18: SETYO PURNAWAN  
Proses pembimbing ke-19: M. Sofyan Rafsanjani, S.P.
Proses pembimbing ke-20: Vera Rahmawati Gullita, S.P.
Proses pembimbing ke-21: Nurjati, S.Ag.,M.Pd.I
Proses pembimbing ke-22: Bella Rosmanita, S.P.
Proses pembimbing ke-23: Okta Noviyanto, S.TP.
